<?xml version="1.0" encoding="UTF-8"?>
<!-- Generated by org.testng.reporters.JUnitReportReporter -->
<testsuite hostname="LAPTOP-0VDO5D5M" failures="0" tests="1" name="DEMO.CreateOrganization1" time="15.099" errors="0" timestamp="2024-12-16T12:01:44 IST" skipped="0">
  <testcase classname="DEMO.CreateOrganization1" name="CreateOrganizationTest" time="15.099"/>
  <system-out/>
</testsuite> <!-- DEMO.CreateOrganization1 -->
